
# There is insufficient memory for the Java Runtime Environment to continue.
# Native memory allocation (malloc) failed to allocate 32744 bytes. Error detail: Chunk::new
# Possible reasons:
#   The system is out of physical RAM or swap space
#   This process is running with CompressedOops enabled, and the Java Heap may be blocking the growth of the native heap
# Possible solutions:
#   Reduce memory load on the system
#   Increase physical memory or swap space
#   Check if swap backing store is full
#   Decrease Java heap size (-Xmx/-Xms)
#   Decrease number of Java threads
#   Decrease Java thread stack sizes (-Xss)
#   Set larger code cache with -XX:ReservedCodeCacheSize=
#     placed in the first 4GB address space. The Java Heap base address is the
#     maximum limit for the native heap growth. Please use -XX:HeapBaseMinAddress
#     to set the Java Heap base and to place the Java Heap above 4GB virtual address.
# This output file may be truncated or incomplete.
#
#  Out of Memory Error (arena.cpp:168), pid=8064, tid=8072
#
# JRE version: OpenJDK Runtime Environment Temurin-21.0.10+7 (21.0.10+7) (build 21.0.10+7-LTS)
# Java VM: OpenJDK 64-Bit Server VM Temurin-21.0.10+7 (21.0.10+7-LTS, mixed mode, sharing, tiered, compressed oops, compressed class ptrs, parallel gc, windows-amd64)
# No core dump will be written. Minidumps are not enabled by default on client versions of Windows
#

---------------  S U M M A R Y ------------

Command Line: --add-modules=ALL-SYSTEM --add-opens=java.base/java.util=ALL-UNNAMED --add-opens=java.base/java.lang=ALL-UNNAMED --add-opens=java.base/sun.nio.fs=ALL-UNNAMED -Declipse.application=org.eclipse.jdt.ls.core.id1 -Dosgi.bundles.defaultStartLevel=4 -Declipse.product=org.eclipse.jdt.ls.core.product -Djava.import.generatesMetadataFilesAtProjectRoot=false -DDetectVMInstallationsJob.disabled=true -Dfile.encoding=utf8 -XX:+UseParallelGC -XX:GCTimeRatio=4 -XX:AdaptiveSizePolicyWeight=90 -Dsun.zip.disableMemoryMapping=true -Xmx2G -Xms100m -Xlog:disable -javaagent:c:\Users\DELL\.antigravity\extensions\redhat.java-1.53.0-win32-x64\lombok\lombok-1.18.39-4050.jar -XX:+HeapDumpOnOutOfMemoryError -XX:HeapDumpPath=c:\Users\DELL\AppData\Roaming\Antigravity\User\workspaceStorage\3595c04ea35fa114bb408f9b75cb0ecd\redhat.java -Daether.dependencyCollector.impl=bf c:\Users\DELL\.antigravity\extensions\redhat.java-1.53.0-win32-x64\server\plugins\org.eclipse.equinox.launcher_1.7.100.v20251111-0406.jar -configuration c:\Users\DELL\AppData\Roaming\Antigravity\User\globalStorage\redhat.java\1.53.0\config_win -data c:\Users\DELL\AppData\Roaming\Antigravity\User\workspaceStorage\3595c04ea35fa114bb408f9b75cb0ecd\redhat.java\jdt_ws --pipe=\\.\pipe\lsp-b04fc42a591794751c237cb2f5ec8399-sock

Host: 11th Gen Intel(R) Core(TM) i5-1135G7 @ 2.40GHz, 8 cores, 7G,  Windows 11 , 64 bit Build 26100 (10.0.26100.8115)
Time: Sat Apr 11 17:35:38 2026 SE Asia Standard Time elapsed time: 2283.832202 seconds (0d 0h 38m 3s)

---------------  T H R E A D  ---------------

Current thread (0x0000022faccccfc0):  JavaThread "C2 CompilerThread2" daemon [_thread_in_native, id=8072, stack(0x000000a41ce00000,0x000000a41cf00000) (1024K)]


Current CompileTask:
C2:2283832 16201       4       org.eclipse.jdt.internal.core.builder.NameEnvironment::findClass (486 bytes)

Stack: [0x000000a41ce00000,0x000000a41cf00000]
Native frames: (J=compiled Java code, j=interpreted, Vv=VM code, C=native code)
V  [jvm.dll+0x6d7a39]
V  [jvm.dll+0x8b4b26]
V  [jvm.dll+0x8b70de]
V  [jvm.dll+0x8b77c3]
V  [jvm.dll+0x284346]
V  [jvm.dll+0xc66ed]
V  [jvm.dll+0xc6c31]
V  [jvm.dll+0x6ee90b]
V  [jvm.dll+0x6f1cf4]
V  [jvm.dll+0x6e9fa9]
V  [jvm.dll+0x6e96a9]
V  [jvm.dll+0x6e774e]
V  [jvm.dll+0x1ce39c]
V  [jvm.dll+0x1cef3e]
V  [jvm.dll+0x2fa4cc]
V  [jvm.dll+0x6f1ef8]
V  [jvm.dll+0x6e9fa9]
V  [jvm.dll+0x6e96a9]
V  [jvm.dll+0x6e774e]
V  [jvm.dll+0x1ce39c]
V  [jvm.dll+0x1cef3e]
V  [jvm.dll+0x1cef3e]
V  [jvm.dll+0x2fa4cc]
V  [jvm.dll+0x6f1ef8]
V  [jvm.dll+0x6e9fa9]
V  [jvm.dll+0x6e96a9]
V  [jvm.dll+0x6e774e]
V  [jvm.dll+0x1ce39c]
V  [jvm.dll+0x1cef3e]
V  [jvm.dll+0x2fa4cc]
V  [jvm.dll+0x6f1ef8]
V  [jvm.dll+0x6e9fa9]
V  [jvm.dll+0x6e96a9]
V  [jvm.dll+0x6e774e]
V  [jvm.dll+0x1ce39c]
V  [jvm.dll+0x2fa4cc]
V  [jvm.dll+0x6f1ef8]
V  [jvm.dll+0x6e9fa9]
V  [jvm.dll+0x6e96a9]
V  [jvm.dll+0x6e774e]
V  [jvm.dll+0x1ce39c]
V  [jvm.dll+0x1cef3e]
V  [jvm.dll+0x2fa4cc]
V  [jvm.dll+0x6f1ef8]
V  [jvm.dll+0x6e9fa9]
V  [jvm.dll+0x6e96a9]
V  [jvm.dll+0x6e774e]
V  [jvm.dll+0x1ce39c]
V  [jvm.dll+0x1cef3e]
V  [jvm.dll+0x2fa4cc]
V  [jvm.dll+0x6f1ef8]
V  [jvm.dll+0x6e9fa9]
V  [jvm.dll+0x6e96a9]
V  [jvm.dll+0x6e774e]
V  [jvm.dll+0x1ce39c]
V  [jvm.dll+0x1cef3e]
V  [jvm.dll+0x2fa4cc]
V  [jvm.dll+0x6f1ef8]
V  [jvm.dll+0x6e9fa9]
V  [jvm.dll+0x6e96a9]
V  [jvm.dll+0x6e774e]
V  [jvm.dll+0x1ce39c]
V  [jvm.dll+0x24b6e9]
V  [jvm.dll+0x1cb34e]
V  [jvm.dll+0x25b85d]
V  [jvm.dll+0x259dea]
V  [jvm.dll+0x3f857e]
V  [jvm.dll+0x85f59d]
V  [jvm.dll+0x6d626d]
C  [ucrtbase.dll+0x37b0]
C  [KERNEL32.DLL+0x2e8d7]
C  [ntdll.dll+0x8c3fc]


---------------  P R O C E S S  ---------------

Threads class SMR info:
_java_thread_list=0x0000022facde3630, length=44, elements={
0x0000022f4221a3f0, 0x0000022f58c8ea70, 0x0000022f58c92c40, 0x0000022f58c96530,
0x0000022f58c99320, 0x0000022f58c9c190, 0x0000022f58c9cbf0, 0x0000022f58c9da30,
0x0000022f58cc5f10, 0x0000022f9b719840, 0x0000022f9b84db80, 0x0000022fa051a170,
0x0000022fa058f1f0, 0x0000022fa092df60, 0x0000022fa05f8880, 0x0000022fa0bab0c0,
0x0000022fa0c3b7e0, 0x0000022fa0de6610, 0x0000022fa115a9a0, 0x0000022fa134c410,
0x0000022fa134d130, 0x0000022fa134eb70, 0x0000022fa134b6f0, 0x0000022fa134d7c0,
0x0000022fa134de50, 0x0000022fa134f200, 0x0000022fa134e4e0, 0x0000022fa134bd80,
0x0000022fa1350c40, 0x0000022fa134f890, 0x0000022fa1351ff0, 0x0000022fa13505b0,
0x0000022fa134ff20, 0x0000022fa36122d0, 0x0000022fa360e7c0, 0x0000022fa360e130,
0x0000022fa360f4e0, 0x0000022fa360fb70, 0x0000022fa360c6f0, 0x0000022fa3610200,
0x0000022fa283efb0, 0x0000022fa3612ff0, 0x0000022faccccfc0, 0x0000022fa3610f20
}

Java Threads: ( => current thread )
  0x0000022f4221a3f0 JavaThread "main"                              [_thread_blocked, id=1492, stack(0x000000a41ab00000,0x000000a41ac00000) (1024K)]
  0x0000022f58c8ea70 JavaThread "Reference Handler"          daemon [_thread_blocked, id=7016, stack(0x000000a41af00000,0x000000a41b000000) (1024K)]
  0x0000022f58c92c40 JavaThread "Finalizer"                  daemon [_thread_blocked, id=1772, stack(0x000000a41b000000,0x000000a41b100000) (1024K)]
  0x0000022f58c96530 JavaThread "Signal Dispatcher"          daemon [_thread_blocked, id=12668, stack(0x000000a41b100000,0x000000a41b200000) (1024K)]
  0x0000022f58c99320 JavaThread "Attach Listener"            daemon [_thread_blocked, id=9608, stack(0x000000a41b200000,0x000000a41b300000) (1024K)]
  0x0000022f58c9c190 JavaThread "Service Thread"             daemon [_thread_blocked, id=264, stack(0x000000a41b300000,0x000000a41b400000) (1024K)]
  0x0000022f58c9cbf0 JavaThread "Monitor Deflation Thread"   daemon [_thread_blocked, id=6624, stack(0x000000a41b400000,0x000000a41b500000) (1024K)]
  0x0000022f58c9da30 JavaThread "C2 CompilerThread0"         daemon [_thread_in_native, id=15980, stack(0x000000a41b500000,0x000000a41b600000) (1024K)]
  0x0000022f58cc5f10 JavaThread "C1 CompilerThread0"         daemon [_thread_in_native, id=15756, stack(0x000000a41b600000,0x000000a41b700000) (1024K)]
  0x0000022f9b719840 JavaThread "Common-Cleaner"             daemon [_thread_blocked, id=16004, stack(0x000000a41b700000,0x000000a41b800000) (1024K)]
  0x0000022f9b84db80 JavaThread "Notification Thread"        daemon [_thread_blocked, id=8896, stack(0x000000a41b900000,0x000000a41ba00000) (1024K)]
  0x0000022fa051a170 JavaThread "Active Thread: Equinox Container: 67b3c238-11d1-4e28-a631-92297335745d"        [_thread_blocked, id=12488, stack(0x000000a41c100000,0x000000a41c200000) (1024K)]
  0x0000022fa058f1f0 JavaThread "Refresh Thread: Equinox Container: 67b3c238-11d1-4e28-a631-92297335745d" daemon [_thread_blocked, id=7916, stack(0x000000a41c300000,0x000000a41c400000) (1024K)]
  0x0000022fa092df60 JavaThread "Framework Event Dispatcher: Equinox Container: 67b3c238-11d1-4e28-a631-92297335745d" daemon [_thread_blocked, id=1576, stack(0x000000a41c400000,0x000000a41c500000) (1024K)]
  0x0000022fa05f8880 JavaThread "Start Level: Equinox Container: 67b3c238-11d1-4e28-a631-92297335745d" daemon [_thread_blocked, id=15556, stack(0x000000a41c500000,0x000000a41c600000) (1024K)]
  0x0000022fa0bab0c0 JavaThread "Bundle File Closer"         daemon [_thread_blocked, id=10656, stack(0x000000a41c600000,0x000000a41c700000) (1024K)]
  0x0000022fa0c3b7e0 JavaThread "SCR Component Actor"        daemon [_thread_blocked, id=2376, stack(0x000000a41ba00000,0x000000a41bb00000) (1024K)]
  0x0000022fa0de6610 JavaThread "Worker-JM"                         [_thread_blocked, id=7592, stack(0x000000a41c800000,0x000000a41c900000) (1024K)]
  0x0000022fa115a9a0 JavaThread "JNA Cleaner"                daemon [_thread_blocked, id=15344, stack(0x000000a41c700000,0x000000a41c800000) (1024K)]
  0x0000022fa134c410 JavaThread "Java indexing"              daemon [_thread_in_vm, id=11232, stack(0x000000a41cd00000,0x000000a41ce00000) (1024K)]
  0x0000022fa134d130 JavaThread "Worker-5"                          [_thread_blocked, id=12540, stack(0x000000a41d200000,0x000000a41d300000) (1024K)]
  0x0000022fa134eb70 JavaThread "Thread-1"                   daemon [_thread_in_native, id=15776, stack(0x000000a41d300000,0x000000a41d400000) (1024K)]
  0x0000022fa134b6f0 JavaThread "Thread-2"                   daemon [_thread_in_native, id=16344, stack(0x000000a41d400000,0x000000a41d500000) (1024K)]
  0x0000022fa134d7c0 JavaThread "Thread-3"                   daemon [_thread_in_native, id=10528, stack(0x000000a41d500000,0x000000a41d600000) (1024K)]
  0x0000022fa134de50 JavaThread "Thread-4"                   daemon [_thread_in_native, id=3556, stack(0x000000a41d600000,0x000000a41d700000) (1024K)]
  0x0000022fa134f200 JavaThread "Thread-5"                   daemon [_thread_in_native, id=16232, stack(0x000000a41d700000,0x000000a41d800000) (1024K)]
  0x0000022fa134e4e0 JavaThread "Thread-6"                   daemon [_thread_in_native, id=1752, stack(0x000000a41d800000,0x000000a41d900000) (1024K)]
  0x0000022fa134bd80 JavaThread "Thread-7"                   daemon [_thread_in_native, id=2948, stack(0x000000a41d900000,0x000000a41da00000) (1024K)]
  0x0000022fa1350c40 JavaThread "Thread-8"                   daemon [_thread_in_native, id=12212, stack(0x000000a41da00000,0x000000a41db00000) (1024K)]
  0x0000022fa134f890 JavaThread "Thread-9"                   daemon [_thread_in_native, id=12708, stack(0x000000a41db00000,0x000000a41dc00000) (1024K)]
  0x0000022fa1351ff0 JavaThread "pool-2-thread-1"                   [_thread_blocked, id=2132, stack(0x000000a41dc00000,0x000000a41dd00000) (1024K)]
  0x0000022fa13505b0 JavaThread "WorkspaceEventsHandler"            [_thread_blocked, id=12400, stack(0x000000a41de00000,0x000000a41df00000) (1024K)]
  0x0000022fa134ff20 JavaThread "pool-1-thread-1"                   [_thread_blocked, id=15828, stack(0x000000a41df00000,0x000000a41e000000) (1024K)]
  0x0000022fa36122d0 JavaThread "Cleaner-0"                  daemon [_thread_blocked, id=8876, stack(0x000000a41fc00000,0x000000a41fd00000) (1024K)]
  0x0000022fa360e7c0 JavaThread "Worker-8: Java indexing... "        [_thread_blocked, id=5788, stack(0x000000a41a900000,0x000000a41aa00000) (1024K)]
  0x0000022fa360e130 JavaThread "Compiler Source File Reader" daemon [_thread_blocked, id=13656, stack(0x000000a41a800000,0x000000a41a900000) (1024K)]
  0x0000022fa360f4e0 JavaThread "Worker-9: Building"                [_thread_blocked, id=18372, stack(0x000000a41aa00000,0x000000a41ab00000) (1024K)]
  0x0000022fa360fb70 JavaThread "Compiler Processing Task"   daemon [_thread_blocked, id=14940, stack(0x000000a41c900000,0x000000a41ca00000) (1024K)]
  0x0000022fa360c6f0 JavaThread "Compiler Source File Reader" daemon [_thread_blocked, id=16760, stack(0x000000a41b800000,0x000000a41b900000) (1024K)]
  0x0000022fa3610200 JavaThread "Compiler Source File Reader" daemon [_thread_blocked, id=17860, stack(0x000000a41ca00000,0x000000a41cb00000) (1024K)]
  0x0000022fa283efb0 JavaThread "C2 CompilerThread1"         daemon [_thread_blocked, id=16488, stack(0x000000a41cb00000,0x000000a41cc00000) (1024K)]
  0x0000022fa3612ff0 JavaThread "Compiler Source File Reader" daemon [_thread_blocked, id=16136, stack(0x000000a41cc00000,0x000000a41cd00000) (1024K)]
=>0x0000022faccccfc0 JavaThread "C2 CompilerThread2"         daemon [_thread_in_native, id=8072, stack(0x000000a41ce00000,0x000000a41cf00000) (1024K)]
  0x0000022fa3610f20 JavaThread "Compiler Source File Reader" daemon [_thread_blocked, id=18168, stack(0x000000a41cf00000,0x000000a41d000000) (1024K)]
Total: 44

Other Threads:
  0x0000022f58c71bd0 VMThread "VM Thread"                           [id=10108, stack(0x000000a41ae00000,0x000000a41af00000) (1024K)] _threads_hazard_ptr=0x0000022facde3630
  0x0000022f42289040 WatcherThread "VM Periodic Task Thread"        [id=14724, stack(0x000000a41ad00000,0x000000a41ae00000) (1024K)]
  0x0000022f4223a840 WorkerThread "GC Thread#0"                     [id=8380, stack(0x000000a41ac00000,0x000000a41ad00000) (1024K)]
  0x0000022fa0604990 WorkerThread "GC Thread#1"                     [id=12300, stack(0x000000a41bb00000,0x000000a41bc00000) (1024K)]
  0x0000022fa0604d40 WorkerThread "GC Thread#2"                     [id=14092, stack(0x000000a41bc00000,0x000000a41bd00000) (1024K)]
  0x0000022fa06050f0 WorkerThread "GC Thread#3"                     [id=4848, stack(0x000000a41bd00000,0x000000a41be00000) (1024K)]
  0x0000022fa06054a0 WorkerThread "GC Thread#4"                     [id=7012, stack(0x000000a41be00000,0x000000a41bf00000) (1024K)]
  0x0000022fa012d360 WorkerThread "GC Thread#5"                     [id=5156, stack(0x000000a41bf00000,0x000000a41c000000) (1024K)]
  0x0000022fa012d710 WorkerThread "GC Thread#6"                     [id=4792, stack(0x000000a41c000000,0x000000a41c100000) (1024K)]
  0x0000022fa0937b60 WorkerThread "GC Thread#7"                     [id=15500, stack(0x000000a41c200000,0x000000a41c300000) (1024K)]
Total: 10

Threads with active compile tasks:
C2 CompilerThread0  2283908 16185       4       org.eclipse.jdt.internal.compiler.lookup.Scope::getTypeOrPackage (1525 bytes)
C1 CompilerThread0  2283908 16207       3       org.eclipse.jdt.internal.compiler.ClassFile::traverse (7238 bytes)
C2 CompilerThread1  2283908 16196   !   4       org.eclipse.jdt.internal.compiler.classfmt.ClassFileReader::<init> (1968 bytes)
C2 CompilerThread2  2283908 16201       4       org.eclipse.jdt.internal.core.builder.NameEnvironment::findClass (486 bytes)
Total: 4

VM state: synchronizing (normal execution)

VM Mutex/Monitor currently owned by a thread:  ([mutex/lock_event])
[0x00007ffc5cbde560] Threads_lock - owner thread: 0x0000022f58c71bd0
[0x00007ffc5cbde660] Heap_lock - owner thread: 0x0000022fa360f4e0

Heap address: 0x0000000080000000, size: 2048 MB, Compressed Oops mode: 32-bit

CDS archive(s) mapped at: [0x0000022f59000000-0x0000022f59ba0000-0x0000022f59ba0000), size 12189696, SharedBaseAddress: 0x0000022f59000000, ArchiveRelocationMode: 1.
Compressed class space mapped at: 0x0000022f5a000000-0x0000022f9a000000, reserved size: 1073741824
Narrow klass base: 0x0000022f59000000, Narrow klass shift: 0, Narrow klass range: 0x100000000

GC Precious Log:
 CardTable entry size: 512
 CPUs: 8 total, 8 available
 Memory: 7914M
 Large Page Support: Disabled
 NUMA Support: Disabled
 Compressed Oops: Enabled (32-bit)
 Alignments: Space 512K, Generation 512K, Heap 2M
 Heap Min Capacity: 100M
 Heap Initial Capacity: 100M
 Heap Max Capacity: 2G
 Pre-touch: Disabled
 Parallel Workers: 8

Heap:
 PSYoungGen      total 1536K, used 1431K [0x00000000d5580000, 0x00000000d5800000, 0x0000000100000000)
  eden space 1024K, 100% used [0x00000000d5580000,0x00000000d5680000,0x00000000d5680000)
  from space 512K, 79% used [0x00000000d5700000,0x00000000d5765dd0,0x00000000d5780000)
  to   space 512K, 0% used [0x00000000d5780000,0x00000000d5780000,0x00000000d5800000)
 ParOldGen       total 274432K, used 274285K [0x0000000080000000, 0x0000000090c00000, 0x00000000d5580000)
  object space 274432K, 99% used [0x0000000080000000,0x0000000090bdb498,0x0000000090c00000)
 Metaspace       used 73404K, committed 75072K, reserved 1179648K
  class space    used 7467K, committed 8256K, reserved 1048576K

Card table byte_map: [0x0000022f41bf0000,0x0000022f42000000] _byte_map_base: 0x0000022f417f0000

Marking Bits: (ParMarkBitMap*) 0x00007ffc5cbe3450
 Begin Bits: [0x0000022f546d0000, 0x0000022f566d0000)
 End Bits:   [0x0000022f566d0000, 0x0000022f586d0000)

Polling page: 0x0000022f419e0000

Metaspace:

Usage:
  Non-class:     64.39 MB used.
      Class:      7.29 MB used.
       Both:     71.68 MB used.

Virtual space:
  Non-class space:      128.00 MB reserved,      65.25 MB ( 51%) committed,  2 nodes.
      Class space:        1.00 GB reserved,       8.06 MB ( <1%) committed,  1 nodes.
             Both:        1.12 GB reserved,      73.31 MB (  6%) committed. 

Chunk freelists:
   Non-Class:  14.67 MB
       Class:  7.98 MB
        Both:  22.65 MB

MaxMetaspaceSize: unlimited
CompressedClassSpaceSize: 1.00 GB
Initial GC threshold: 21.00 MB
Current GC threshold: 97.31 MB
CDS: on
 - commit_granule_bytes: 65536.
 - commit_granule_words: 8192.
 - virtual_space_node_default_size: 8388608.
 - enlarge_chunks_in_place: 1.
 - use_allocation_guard: 0.


Internal statistics:

num_allocs_failed_limit: 11.
num_arena_births: 1416.
num_arena_deaths: 14.
num_vsnodes_births: 3.
num_vsnodes_deaths: 0.
num_space_committed: 1173.
num_space_uncommitted: 0.
num_chunks_returned_to_freelist: 25.
num_chunks_taken_from_freelist: 5112.
num_chunk_merges: 8.
num_chunk_splits: 3040.
num_chunks_enlarged: 1571.
num_inconsistent_stats: 0.

CodeHeap 'non-profiled nmethods': size=120000Kb used=12697Kb max_used=12697Kb free=107302Kb
 bounds [0x0000022f4cef0000, 0x0000022f4db60000, 0x0000022f54420000]
CodeHeap 'profiled nmethods': size=120000Kb used=37472Kb max_used=37472Kb free=82527Kb
 bounds [0x0000022f45420000, 0x0000022f478c0000, 0x0000022f4c950000]
CodeHeap 'non-nmethods': size=5760Kb used=1505Kb max_used=1550Kb free=4254Kb
 bounds [0x0000022f4c950000, 0x0000022f4cbc0000, 0x0000022f4cef0000]
CodeCache: size=245760Kb, used=51674Kb, max_used=51719Kb, free=194083Kb
 total_blobs=16204, nmethods=15412, adapters=693, full_count=0
Compilation: enabled, stopped_count=0, restarted_count=0

Compilation events (20 events):
Event: 2283.768 Thread 0x0000022faccccfc0 nmethod 16193 0x0000022f4db55e10 code [0x0000022f4db55fa0, 0x0000022f4db56128]
Event: 2283.770 Thread 0x0000022f58cc5f10 16194       3       org.eclipse.jdt.internal.compiler.lookup.ReferenceBinding::applyCloseableInterfaceWhitelists (142 bytes)
Event: 2283.771 Thread 0x0000022f58cc5f10 nmethod 16194 0x0000022f478b3d90 code [0x0000022f478b3fe0, 0x0000022f478b4780]
Event: 2283.771 Thread 0x0000022f58cc5f10 16195       3       org.eclipse.jdt.internal.compiler.lookup.LookupEnvironment$$Lambda/0x0000022f5a6626a0::apply (16 bytes)
Event: 2283.772 Thread 0x0000022f58cc5f10 nmethod 16195 0x0000022f478b4b10 code [0x0000022f478b4ce0, 0x0000022f478b50e8]
Event: 2283.772 Thread 0x0000022fa283efb0 16196   !   4       org.eclipse.jdt.internal.compiler.classfmt.ClassFileReader::<init> (1968 bytes)
Event: 2283.774 Thread 0x0000022f58cc5f10 16197       3       org.eclipse.jdt.internal.compiler.flow.FlowInfo::nullStatus (79 bytes)
Event: 2283.774 Thread 0x0000022f58cc5f10 nmethod 16197 0x0000022f478b5210 code [0x0000022f478b5440, 0x0000022f478b5c30]
Event: 2283.778 Thread 0x0000022f58cc5f10 16198       3       org.eclipse.jdt.internal.compiler.flow.ConditionalFlowInfo::unconditionalInitsWithoutSideEffect (18 bytes)
Event: 2283.778 Thread 0x0000022f58cc5f10 nmethod 16198 0x0000022f478b5d90 code [0x0000022f478b5f60, 0x0000022f478b62d8]
Event: 2283.779 Thread 0x0000022faccccfc0 16199       4       org.eclipse.jdt.internal.compiler.lookup.MethodBinding::isAbstract (15 bytes)
Event: 2283.779 Thread 0x0000022faccccfc0 nmethod 16199 0x0000022f4db56210 code [0x0000022f4db563a0, 0x0000022f4db56438]
Event: 2283.780 Thread 0x0000022f58cc5f10 16200       3       org.eclipse.jdt.internal.compiler.lookup.LookupEnvironment::usesOwningAnnotations (152 bytes)
Event: 2283.781 Thread 0x0000022f58cc5f10 nmethod 16200 0x0000022f478b6410 code [0x0000022f478b66a0, 0x0000022f478b70e8]
Event: 2283.796 Thread 0x0000022faccccfc0 16201       4       org.eclipse.jdt.internal.core.builder.NameEnvironment::findClass (486 bytes)
Event: 2283.806 Thread 0x0000022f58cc5f10 16205       3       org.eclipse.jdt.internal.compiler.ast.QualifiedNameReference::getGenericCast (27 bytes)
Event: 2283.806 Thread 0x0000022f58cc5f10 nmethod 16205 0x0000022f478b7490 code [0x0000022f478b7640, 0x0000022f478b7838]
Event: 2283.806 Thread 0x0000022f58cc5f10 16206       3       org.eclipse.jdt.internal.compiler.ast.QualifiedNameReference::getFinalReceiverType (110 bytes)
Event: 2283.807 Thread 0x0000022f58cc5f10 nmethod 16206 0x0000022f478b7910 code [0x0000022f478b7b00, 0x0000022f478b7f78]
Event: 2283.808 Thread 0x0000022f58cc5f10 16207       3       org.eclipse.jdt.internal.compiler.ClassFile::traverse (7238 bytes)

GC Heap History (20 events):
Event: 2283.475 GC heap before
{Heap before GC invocations=333 (full 3):
 PSYoungGen      total 2048K, used 1920K [0x00000000d5580000, 0x00000000d5880000, 0x0000000100000000)
  eden space 1024K, 100% used [0x00000000d5580000,0x00000000d5680000,0x00000000d5680000)
  from space 1024K, 87% used [0x00000000d5700000,0x00000000d57e0000,0x00000000d5800000)
  to   space 512K, 0% used [0x00000000d5800000,0x00000000d5800000,0x00000000d5880000)
 ParOldGen       total 269824K, used 269457K [0x0000000080000000, 0x0000000090780000, 0x00000000d5580000)
  object space 269824K, 99% used [0x0000000080000000,0x00000000907245c8,0x0000000090780000)
 Metaspace       used 73346K, committed 75008K, reserved 1179648K
  class space    used 7467K, committed 8256K, reserved 1048576K
}
Event: 2283.478 GC heap after
{Heap after GC invocations=333 (full 3):
 PSYoungGen      total 1536K, used 496K [0x00000000d5580000, 0x00000000d5980000, 0x0000000100000000)
  eden space 1024K, 0% used [0x00000000d5580000,0x00000000d5580000,0x00000000d5680000)
  from space 512K, 96% used [0x00000000d5800000,0x00000000d587c010,0x00000000d5880000)
  to   space 1536K, 0% used [0x00000000d5680000,0x00000000d5680000,0x00000000d5800000)
 ParOldGen       total 270336K, used 270233K [0x0000000080000000, 0x0000000090800000, 0x00000000d5580000)
  object space 270336K, 99% used [0x0000000080000000,0x00000000907e65c8,0x0000000090800000)
 Metaspace       used 73346K, committed 75008K, reserved 1179648K
  class space    used 7467K, committed 8256K, reserved 1048576K
}
Event: 2283.489 GC heap before
{Heap before GC invocations=334 (full 3):
 PSYoungGen      total 1536K, used 1359K [0x00000000d5580000, 0x00000000d5980000, 0x0000000100000000)
  eden space 1024K, 84% used [0x00000000d5580000,0x00000000d5657e58,0x00000000d5680000)
  from space 512K, 96% used [0x00000000d5800000,0x00000000d587c010,0x00000000d5880000)
  to   space 1536K, 0% used [0x00000000d5680000,0x00000000d5680000,0x00000000d5800000)
 ParOldGen       total 270336K, used 270233K [0x0000000080000000, 0x0000000090800000, 0x00000000d5580000)
  object space 270336K, 99% used [0x0000000080000000,0x00000000907e65c8,0x0000000090800000)
 Metaspace       used 73346K, committed 75008K, reserved 1179648K
  class space    used 7467K, committed 8256K, reserved 1048576K
}
Event: 2283.493 GC heap after
{Heap after GC invocations=334 (full 3):
 PSYoungGen      total 2048K, used 800K [0x00000000d5580000, 0x00000000d5880000, 0x0000000100000000)
  eden space 1024K, 0% used [0x00000000d5580000,0x00000000d5580000,0x00000000d5680000)
  from space 1024K, 78% used [0x00000000d5680000,0x00000000d5748000,0x00000000d5780000)
  to   space 1024K, 0% used [0x00000000d5780000,0x00000000d5780000,0x00000000d5880000)
 ParOldGen       total 270848K, used 270601K [0x0000000080000000, 0x0000000090880000, 0x00000000d5580000)
  object space 270848K, 99% used [0x0000000080000000,0x00000000908425e8,0x0000000090880000)
 Metaspace       used 73346K, committed 75008K, reserved 1179648K
  class space    used 7467K, committed 8256K, reserved 1048576K
}
Event: 2283.502 GC heap before
{Heap before GC invocations=335 (full 3):
 PSYoungGen      total 2048K, used 1824K [0x00000000d5580000, 0x00000000d5880000, 0x0000000100000000)
  eden space 1024K, 100% used [0x00000000d5580000,0x00000000d5680000,0x00000000d5680000)
  from space 1024K, 78% used [0x00000000d5680000,0x00000000d5748000,0x00000000d5780000)
  to   space 1024K, 0% used [0x00000000d5780000,0x00000000d5780000,0x00000000d5880000)
 ParOldGen       total 270848K, used 270601K [0x0000000080000000, 0x0000000090880000, 0x00000000d5580000)
  object space 270848K, 99% used [0x0000000080000000,0x00000000908425e8,0x0000000090880000)
 Metaspace       used 73346K, committed 75008K, reserved 1179648K
  class space    used 7467K, committed 8256K, reserved 1048576K
}
Event: 2283.504 GC heap after
{Heap after GC invocations=335 (full 3):
 PSYoungGen      total 2048K, used 734K [0x00000000d5580000, 0x00000000d5880000, 0x0000000100000000)
  eden space 1024K, 0% used [0x00000000d5580000,0x00000000d5580000,0x00000000d5680000)
  from space 1024K, 71% used [0x00000000d5780000,0x00000000d5837960,0x00000000d5880000)
  to   space 1024K, 0% used [0x00000000d5680000,0x00000000d5680000,0x00000000d5780000)
 ParOldGen       total 271872K, used 271721K [0x0000000080000000, 0x0000000090980000, 0x00000000d5580000)
  object space 271872K, 99% used [0x0000000080000000,0x000000009095a5e8,0x0000000090980000)
 Metaspace       used 73346K, committed 75008K, reserved 1179648K
  class space    used 7467K, committed 8256K, reserved 1048576K
}
Event: 2283.533 GC heap before
{Heap before GC invocations=336 (full 3):
 PSYoungGen      total 2048K, used 1758K [0x00000000d5580000, 0x00000000d5880000, 0x0000000100000000)
  eden space 1024K, 100% used [0x00000000d5580000,0x00000000d5680000,0x00000000d5680000)
  from space 1024K, 71% used [0x00000000d5780000,0x00000000d5837960,0x00000000d5880000)
  to   space 1024K, 0% used [0x00000000d5680000,0x00000000d5680000,0x00000000d5780000)
 ParOldGen       total 271872K, used 271721K [0x0000000080000000, 0x0000000090980000, 0x00000000d5580000)
  object space 271872K, 99% used [0x0000000080000000,0x000000009095a5e8,0x0000000090980000)
 Metaspace       used 73351K, committed 75008K, reserved 1179648K
  class space    used 7467K, committed 8256K, reserved 1048576K
}
Event: 2283.535 GC heap after
{Heap after GC invocations=336 (full 3):
 PSYoungGen      total 2048K, used 448K [0x00000000d5580000, 0x00000000d5880000, 0x0000000100000000)
  eden space 1024K, 0% used [0x00000000d5580000,0x00000000d5580000,0x00000000d5680000)
  from space 1024K, 43% used [0x00000000d5680000,0x00000000d56f0000,0x00000000d5780000)
  to   space 1024K, 0% used [0x00000000d5780000,0x00000000d5780000,0x00000000d5880000)
 ParOldGen       total 272384K, used 272249K [0x0000000080000000, 0x0000000090a00000, 0x00000000d5580000)
  object space 272384K, 99% used [0x0000000080000000,0x00000000909de5e8,0x0000000090a00000)
 Metaspace       used 73351K, committed 75008K, reserved 1179648K
  class space    used 7467K, committed 8256K, reserved 1048576K
}
Event: 2283.576 GC heap before
{Heap before GC invocations=337 (full 3):
 PSYoungGen      total 2048K, used 1472K [0x00000000d5580000, 0x00000000d5880000, 0x0000000100000000)
  eden space 1024K, 100% used [0x00000000d5580000,0x00000000d5680000,0x00000000d5680000)
  from space 1024K, 43% used [0x00000000d5680000,0x00000000d56f0000,0x00000000d5780000)
  to   space 1024K, 0% used [0x00000000d5780000,0x00000000d5780000,0x00000000d5880000)
 ParOldGen       total 272384K, used 272249K [0x0000000080000000, 0x0000000090a00000, 0x00000000d5580000)
  object space 272384K, 99% used [0x0000000080000000,0x00000000909de5e8,0x0000000090a00000)
 Metaspace       used 73351K, committed 75008K, reserved 1179648K
  class space    used 7467K, committed 8256K, reserved 1048576K
}
Event: 2283.578 GC heap after
{Heap after GC invocations=337 (full 3):
 PSYoungGen      total 1536K, used 416K [0x00000000d5580000, 0x00000000d5800000, 0x0000000100000000)
  eden space 1024K, 0% used [0x00000000d5580000,0x00000000d5580000,0x00000000d5680000)
  from space 512K, 81% used [0x00000000d5780000,0x00000000d57e8000,0x00000000d5800000)
  to   space 512K, 0% used [0x00000000d5700000,0x00000000d5700000,0x00000000d5780000)
 ParOldGen       total 272896K, used 272617K [0x0000000080000000, 0x0000000090a80000, 0x00000000d5580000)
  object space 272896K, 99% used [0x0000000080000000,0x0000000090a3a5e8,0x0000000090a80000)
 Metaspace       used 73351K, committed 75008K, reserved 1179648K
  class space    used 7467K, committed 8256K, reserved 1048576K
}
Event: 2283.615 GC heap before
{Heap before GC invocations=338 (full 3):
 PSYoungGen      total 1536K, used 1440K [0x00000000d5580000, 0x00000000d5800000, 0x0000000100000000)
  eden space 1024K, 100% used [0x00000000d5580000,0x00000000d5680000,0x00000000d5680000)
  from space 512K, 81% used [0x00000000d5780000,0x00000000d57e8000,0x00000000d5800000)
  to   space 512K, 0% used [0x00000000d5700000,0x00000000d5700000,0x00000000d5780000)
 ParOldGen       total 272896K, used 272617K [0x0000000080000000, 0x0000000090a80000, 0x00000000d5580000)
  object space 272896K, 99% used [0x0000000080000000,0x0000000090a3a5e8,0x0000000090a80000)
 Metaspace       used 73359K, committed 75008K, reserved 1179648K
  class space    used 7467K, committed 8256K, reserved 1048576K
}
Event: 2283.619 GC heap after
{Heap after GC invocations=338 (full 3):
 PSYoungGen      total 1536K, used 352K [0x00000000d5580000, 0x00000000d5800000, 0x0000000100000000)
  eden space 1024K, 0% used [0x00000000d5580000,0x00000000d5580000,0x00000000d5680000)
  from space 512K, 68% used [0x00000000d5700000,0x00000000d5758000,0x00000000d5780000)
  to   space 512K, 0% used [0x00000000d5780000,0x00000000d5780000,0x00000000d5800000)
 ParOldGen       total 273408K, used 272897K [0x0000000080000000, 0x0000000090b00000, 0x00000000d5580000)
  object space 273408K, 99% used [0x0000000080000000,0x0000000090a805e8,0x0000000090b00000)
 Metaspace       used 73359K, committed 75008K, reserved 1179648K
  class space    used 7467K, committed 8256K, reserved 1048576K
}
Event: 2283.646 GC heap before
{Heap before GC invocations=339 (full 3):
 PSYoungGen      total 1536K, used 1376K [0x00000000d5580000, 0x00000000d5800000, 0x0000000100000000)
  eden space 1024K, 100% used [0x00000000d5580000,0x00000000d5680000,0x00000000d5680000)
  from space 512K, 68% used [0x00000000d5700000,0x00000000d5758000,0x00000000d5780000)
  to   space 512K, 0% used [0x00000000d5780000,0x00000000d5780000,0x00000000d5800000)
 ParOldGen       total 273408K, used 272897K [0x0000000080000000, 0x0000000090b00000, 0x00000000d5580000)
  object space 273408K, 99% used [0x0000000080000000,0x0000000090a805e8,0x0000000090b00000)
 Metaspace       used 73375K, committed 75008K, reserved 1179648K
  class space    used 7467K, committed 8256K, reserved 1048576K
}
Event: 2283.649 GC heap after
{Heap after GC invocations=339 (full 3):
 PSYoungGen      total 1536K, used 448K [0x00000000d5580000, 0x00000000d5800000, 0x0000000100000000)
  eden space 1024K, 0% used [0x00000000d5580000,0x00000000d5580000,0x00000000d5680000)
  from space 512K, 87% used [0x00000000d5780000,0x00000000d57f0000,0x00000000d5800000)
  to   space 512K, 0% used [0x00000000d5700000,0x00000000d5700000,0x00000000d5780000)
 ParOldGen       total 273408K, used 273121K [0x0000000080000000, 0x0000000090b00000, 0x00000000d5580000)
  object space 273408K, 99% used [0x0000000080000000,0x0000000090ab85e8,0x0000000090b00000)
 Metaspace       used 73375K, committed 75008K, reserved 1179648K
  class space    used 7467K, committed 8256K, reserved 1048576K
}
Event: 2283.662 GC heap before
{Heap before GC invocations=340 (full 3):
 PSYoungGen      total 1536K, used 1472K [0x00000000d5580000, 0x00000000d5800000, 0x0000000100000000)
  eden space 1024K, 100% used [0x00000000d5580000,0x00000000d5680000,0x00000000d5680000)
  from space 512K, 87% used [0x00000000d5780000,0x00000000d57f0000,0x00000000d5800000)
  to   space 512K, 0% used [0x00000000d5700000,0x00000000d5700000,0x00000000d5780000)
 ParOldGen       total 273408K, used 273121K [0x0000000080000000, 0x0000000090b00000, 0x00000000d5580000)
  object space 273408K, 99% used [0x0000000080000000,0x0000000090ab85e8,0x0000000090b00000)
 Metaspace       used 73377K, committed 75008K, reserved 1179648K
  class space    used 7467K, committed 8256K, reserved 1048576K
}
Event: 2283.665 GC heap after
{Heap after GC invocations=340 (full 3):
 PSYoungGen      total 1536K, used 320K [0x00000000d5580000, 0x00000000d5800000, 0x0000000100000000)
  eden space 1024K, 0% used [0x00000000d5580000,0x00000000d5580000,0x00000000d5680000)
  from space 512K, 62% used [0x00000000d5700000,0x00000000d5750000,0x00000000d5780000)
  to   space 512K, 0% used [0x00000000d5780000,0x00000000d5780000,0x00000000d5800000)
 ParOldGen       total 273920K, used 273413K [0x0000000080000000, 0x0000000090b80000, 0x00000000d5580000)
  object space 273920K, 99% used [0x0000000080000000,0x0000000090b01608,0x0000000090b80000)
 Metaspace       used 73377K, committed 75008K, reserved 1179648K
  class space    used 7467K, committed 8256K, reserved 1048576K
}
Event: 2283.684 GC heap before
{Heap before GC invocations=341 (full 3):
 PSYoungGen      total 1536K, used 1342K [0x00000000d5580000, 0x00000000d5800000, 0x0000000100000000)
  eden space 1024K, 99% used [0x00000000d5580000,0x00000000d567fb88,0x00000000d5680000)
  from space 512K, 62% used [0x00000000d5700000,0x00000000d5750000,0x00000000d5780000)
  to   space 512K, 0% used [0x00000000d5780000,0x00000000d5780000,0x00000000d5800000)
 ParOldGen       total 273920K, used 273413K [0x0000000080000000, 0x0000000090b80000, 0x00000000d5580000)
  object space 273920K, 99% used [0x0000000080000000,0x0000000090b01608,0x0000000090b80000)
 Metaspace       used 73380K, committed 75008K, reserved 1179648K
  class space    used 7467K, committed 8256K, reserved 1048576K
}
Event: 2283.687 GC heap after
{Heap after GC invocations=341 (full 3):
 PSYoungGen      total 1536K, used 461K [0x00000000d5580000, 0x00000000d5800000, 0x0000000100000000)
  eden space 1024K, 0% used [0x00000000d5580000,0x00000000d5580000,0x00000000d5680000)
  from space 512K, 90% used [0x00000000d5780000,0x00000000d57f3508,0x00000000d5800000)
  to   space 512K, 0% used [0x00000000d5700000,0x00000000d5700000,0x00000000d5780000)
 ParOldGen       total 273920K, used 273613K [0x0000000080000000, 0x0000000090b80000, 0x00000000d5580000)
  object space 273920K, 99% used [0x0000000080000000,0x0000000090b33608,0x0000000090b80000)
 Metaspace       used 73380K, committed 75008K, reserved 1179648K
  class space    used 7467K, committed 8256K, reserved 1048576K
}
Event: 2283.751 GC heap before
{Heap before GC invocations=342 (full 3):
 PSYoungGen      total 1536K, used 1485K [0x00000000d5580000, 0x00000000d5800000, 0x0000000100000000)
  eden space 1024K, 99% used [0x00000000d5580000,0x00000000d567ffd8,0x00000000d5680000)
  from space 512K, 90% used [0x00000000d5780000,0x00000000d57f3508,0x00000000d5800000)
  to   space 512K, 0% used [0x00000000d5700000,0x00000000d5700000,0x00000000d5780000)
 ParOldGen       total 273920K, used 273613K [0x0000000080000000, 0x0000000090b80000, 0x00000000d5580000)
  object space 273920K, 99% used [0x0000000080000000,0x0000000090b33608,0x0000000090b80000)
 Metaspace       used 73392K, committed 75008K, reserved 1179648K
  class space    used 7467K, committed 8256K, reserved 1048576K
}
Event: 2283.753 GC heap after
{Heap after GC invocations=342 (full 3):
 PSYoungGen      total 1536K, used 352K [0x00000000d5580000, 0x00000000d5800000, 0x0000000100000000)
  eden space 1024K, 0% used [0x00000000d5580000,0x00000000d5580000,0x00000000d5680000)
  from space 512K, 68% used [0x00000000d5700000,0x00000000d5758000,0x00000000d5780000)
  to   space 512K, 0% used [0x00000000d5780000,0x00000000d5780000,0x00000000d5800000)
 ParOldGen       total 273920K, used 273873K [0x0000000080000000, 0x0000000090b80000, 0x00000000d5580000)
  object space 273920K, 99% used [0x0000000080000000,0x0000000090b745a8,0x0000000090b80000)
 Metaspace       used 73392K, committed 75008K, reserved 1179648K
  class space    used 7467K, committed 8256K, reserved 1048576K
}

Dll operation events (10 events):
Event: 0.038 Loaded shared library c:\Users\DELL\.antigravity\extensions\redhat.java-1.53.0-win32-x64\jre\21.0.10-win32-x86_64\bin\java.dll
Event: 0.153 Loaded shared library c:\Users\DELL\.antigravity\extensions\redhat.java-1.53.0-win32-x64\jre\21.0.10-win32-x86_64\bin\zip.dll
Event: 0.175 Loaded shared library C:\Users\DELL\.antigravity\extensions\redhat.java-1.53.0-win32-x64\jre\21.0.10-win32-x86_64\bin\instrument.dll
Event: 0.181 Loaded shared library C:\Users\DELL\.antigravity\extensions\redhat.java-1.53.0-win32-x64\jre\21.0.10-win32-x86_64\bin\net.dll
Event: 0.188 Loaded shared library C:\Users\DELL\.antigravity\extensions\redhat.java-1.53.0-win32-x64\jre\21.0.10-win32-x86_64\bin\nio.dll
Event: 0.191 Loaded shared library C:\Users\DELL\.antigravity\extensions\redhat.java-1.53.0-win32-x64\jre\21.0.10-win32-x86_64\bin\zip.dll
Event: 0.219 Loaded shared library C:\Users\DELL\.antigravity\extensions\redhat.java-1.53.0-win32-x64\jre\21.0.10-win32-x86_64\bin\jimage.dll
Event: 0.306 Loaded shared library c:\Users\DELL\.antigravity\extensions\redhat.java-1.53.0-win32-x64\jre\21.0.10-win32-x86_64\bin\verify.dll
Event: 1.701 Loaded shared library C:\Users\DELL\AppData\Roaming\Antigravity\User\globalStorage\redhat.java\1.53.0\config_win\org.eclipse.equinox.launcher\org.eclipse.equinox.launcher.win32.win32.x86_64_1.3.0.v20260203-2149\eclipse_11919.dll
Event: 3.545 Loaded shared library C:\Users\DELL\AppData\Local\Temp\jna-2094529\jna11395834187029577976.dll

Deoptimization events (20 events):
Event: 2283.455 Thread 0x0000022fa360fb70 DEOPT PACKING pc=0x0000022f46debd65 sp=0x000000a41c9fde80
Event: 2283.455 Thread 0x0000022fa360fb70 DEOPT UNPACKING pc=0x0000022f4c9a78e2 sp=0x000000a41c9fd338 mode 0
Event: 2283.554 Thread 0x0000022fa360fb70 DEOPT PACKING pc=0x0000022f477b08a2 sp=0x000000a41c9fe2e0
Event: 2283.554 Thread 0x0000022fa360fb70 DEOPT UNPACKING pc=0x0000022f4c9a78e2 sp=0x000000a41c9fd858 mode 0
Event: 2283.588 Thread 0x0000022fa360fb70 Uncommon trap: trap_request=0xffffff6e fr.pc=0x0000022f4dad318c relative=0x00000000000004ec
Event: 2283.588 Thread 0x0000022fa360fb70 Uncommon trap: reason=loop_limit_check action=maybe_recompile pc=0x0000022f4dad318c method=org.eclipse.jdt.internal.compiler.lookup.BinaryTypeBinding.superInterfaces()[Lorg/eclipse/jdt/internal/compiler/lookup/ReferenceBinding; @ 266 c2
Event: 2283.588 Thread 0x0000022fa360fb70 DEOPT PACKING pc=0x0000022f4dad318c sp=0x000000a41c9fe880
Event: 2283.588 Thread 0x0000022fa360fb70 DEOPT UNPACKING pc=0x0000022f4c9a6da2 sp=0x000000a41c9fe818 mode 2
Event: 2283.614 Thread 0x0000022fa360fb70 DEOPT PACKING pc=0x0000022f477b08a2 sp=0x000000a41c9fddb0
Event: 2283.614 Thread 0x0000022fa360fb70 DEOPT UNPACKING pc=0x0000022f4c9a78e2 sp=0x000000a41c9fd328 mode 0
Event: 2283.658 Thread 0x0000022fa360fb70 DEOPT PACKING pc=0x0000022f477b08a2 sp=0x000000a41c9fd390
Event: 2283.658 Thread 0x0000022fa360fb70 DEOPT UNPACKING pc=0x0000022f4c9a78e2 sp=0x000000a41c9fc908 mode 0
Event: 2283.709 Thread 0x0000022fa360fb70 Uncommon trap: trap_request=0xffffff6e fr.pc=0x0000022f4db4c024 relative=0x0000000000001904
Event: 2283.709 Thread 0x0000022fa360fb70 Uncommon trap: reason=loop_limit_check action=maybe_recompile pc=0x0000022f4db4c024 method=org.eclipse.jdt.internal.compiler.lookup.BlockScope.findLocalType([C)Lorg/eclipse/jdt/internal/compiler/lookup/ReferenceBinding; @ 79 c2
Event: 2283.709 Thread 0x0000022fa360fb70 DEOPT PACKING pc=0x0000022f4db4c024 sp=0x000000a41c9feaa0
Event: 2283.709 Thread 0x0000022fa360fb70 DEOPT UNPACKING pc=0x0000022f4c9a6da2 sp=0x000000a41c9fe990 mode 2
Event: 2283.772 Thread 0x0000022fa360fb70 DEOPT PACKING pc=0x0000022f477b08a2 sp=0x000000a41c9fdb50
Event: 2283.772 Thread 0x0000022fa360fb70 DEOPT UNPACKING pc=0x0000022f4c9a78e2 sp=0x000000a41c9fd0c8 mode 0
Event: 2283.809 Thread 0x0000022fa360fb70 DEOPT PACKING pc=0x0000022f47420af9 sp=0x000000a41c9fe570
Event: 2283.809 Thread 0x0000022fa360fb70 DEOPT UNPACKING pc=0x0000022f4c9a78e2 sp=0x000000a41c9fde78 mode 0

Classes loaded (20 events):
Event: 17.955 Loading class com/sun/org/apache/xerces/internal/xni/parser/XMLParseException
Event: 17.955 Loading class com/sun/org/apache/xerces/internal/xni/parser/XMLParseException done
Event: 18.991 Loading class jdk/internal/ref/CleanerImpl$InnocuousThreadFactory
Event: 18.991 Loading class jdk/internal/ref/CleanerImpl$InnocuousThreadFactory done
Event: 304.841 Loading class java/util/stream/Nodes$CollectorTask$OfRef
Event: 304.844 Loading class java/util/stream/Nodes$CollectorTask
Event: 304.845 Loading class java/util/stream/Nodes$CollectorTask done
Event: 304.845 Loading class java/util/stream/Nodes$CollectorTask$OfRef done
Event: 304.845 Loading class java/util/function/LongFunction
Event: 304.846 Loading class java/util/function/LongFunction done
Event: 304.846 Loading class java/util/stream/Nodes$ConcNode
Event: 304.846 Loading class java/util/stream/Nodes$AbstractConcNode
Event: 304.846 Loading class java/util/stream/Nodes$AbstractConcNode done
Event: 304.846 Loading class java/util/stream/Nodes$ConcNode done
Event: 304.874 Loading class java/util/stream/Nodes$ToArrayTask$OfRef
Event: 304.874 Loading class java/util/stream/Nodes$ToArrayTask
Event: 304.874 Loading class java/util/stream/Nodes$ToArrayTask done
Event: 304.874 Loading class java/util/stream/Nodes$ToArrayTask$OfRef done
Event: 2247.489 Loading class java/nio/BufferMismatch
Event: 2247.493 Loading class java/nio/BufferMismatch done

Classes unloaded (7 events):
Event: 4.411 Thread 0x0000022f58c71bd0 Unloading class 0x0000022f5a1aa000 'java/lang/invoke/LambdaForm$MH+0x0000022f5a1aa000'
Event: 4.411 Thread 0x0000022f58c71bd0 Unloading class 0x0000022f5a1a9c00 'java/lang/invoke/LambdaForm$MH+0x0000022f5a1a9c00'
Event: 4.411 Thread 0x0000022f58c71bd0 Unloading class 0x0000022f5a1a9800 'java/lang/invoke/LambdaForm$MH+0x0000022f5a1a9800'
Event: 4.411 Thread 0x0000022f58c71bd0 Unloading class 0x0000022f5a1a9400 'java/lang/invoke/LambdaForm$MH+0x0000022f5a1a9400'
Event: 4.411 Thread 0x0000022f58c71bd0 Unloading class 0x0000022f5a1a9000 'java/lang/invoke/LambdaForm$BMH+0x0000022f5a1a9000'
Event: 4.411 Thread 0x0000022f58c71bd0 Unloading class 0x0000022f5a1a8c00 'java/lang/invoke/LambdaForm$DMH+0x0000022f5a1a8c00'
Event: 4.411 Thread 0x0000022f58c71bd0 Unloading class 0x0000022f5a1a3800 'java/lang/invoke/LambdaForm$DMH+0x0000022f5a1a3800'

Classes redefined (0 events):
No events

Internal exceptions (20 events):
Event: 1668.220 Thread 0x0000022fa134d130 Exception <a 'sun/nio/fs/WindowsException'{0x00000000d55cd4b0}> (0x00000000d55cd4b0) 
thrown [s\src\hotspot\share\prims\jni.cpp, line 520]
Event: 1668.222 Thread 0x0000022fa134d130 Exception <a 'sun/nio/fs/WindowsException'{0x00000000d55ceaf0}> (0x00000000d55ceaf0) 
thrown [s\src\hotspot\share\prims\jni.cpp, line 520]
Event: 1668.226 Thread 0x0000022fa134d130 Exception <a 'sun/nio/fs/WindowsException'{0x00000000d55d0420}> (0x00000000d55d0420) 
thrown [s\src\hotspot\share\prims\jni.cpp, line 520]
Event: 1668.227 Thread 0x0000022fa134d130 Exception <a 'sun/nio/fs/WindowsException'{0x00000000d55d1ed8}> (0x00000000d55d1ed8) 
thrown [s\src\hotspot\share\prims\jni.cpp, line 520]
Event: 1668.228 Thread 0x0000022fa134d130 Exception <a 'sun/nio/fs/WindowsException'{0x00000000d55d37d0}> (0x00000000d55d37d0) 
thrown [s\src\hotspot\share\prims\jni.cpp, line 520]
Event: 1668.229 Thread 0x0000022fa134d130 Exception <a 'sun/nio/fs/WindowsException'{0x00000000d55d50b0}> (0x00000000d55d50b0) 
thrown [s\src\hotspot\share\prims\jni.cpp, line 520]
Event: 1668.230 Thread 0x0000022fa134d130 Exception <a 'sun/nio/fs/WindowsException'{0x00000000d55d68b0}> (0x00000000d55d68b0) 
thrown [s\src\hotspot\share\prims\jni.cpp, line 520]
Event: 1668.231 Thread 0x0000022fa134d130 Exception <a 'sun/nio/fs/WindowsException'{0x00000000d55d81d0}> (0x00000000d55d81d0) 
thrown [s\src\hotspot\share\prims\jni.cpp, line 520]
Event: 1668.232 Thread 0x0000022fa134d130 Exception <a 'sun/nio/fs/WindowsException'{0x00000000d55d9dc0}> (0x00000000d55d9dc0) 
thrown [s\src\hotspot\share\prims\jni.cpp, line 520]
Event: 1967.973 Thread 0x0000022fa360e7c0 Exception <a 'sun/nio/fs/WindowsException'{0x00000000d5842250}> (0x00000000d5842250) 
thrown [s\src\hotspot\share\prims\jni.cpp, line 520]
Event: 1967.977 Thread 0x0000022fa360e7c0 Exception <a 'sun/nio/fs/WindowsException'{0x00000000d5842dd0}> (0x00000000d5842dd0) 
thrown [s\src\hotspot\share\prims\jni.cpp, line 520]
Event: 2245.510 Thread 0x0000022fa134c410 Exception <a 'sun/nio/fs/WindowsException'{0x00000000d5651a80}> (0x00000000d5651a80) 
thrown [s\src\hotspot\share\prims\jni.cpp, line 520]
Event: 2246.491 Thread 0x0000022fa134c410 Exception <a 'sun/nio/fs/WindowsException'{0x00000000d55f2950}> (0x00000000d55f2950) 
thrown [s\src\hotspot\share\prims\jni.cpp, line 520]
Event: 2246.524 Thread 0x0000022fa134c410 Implicit null exception at 0x0000022f4da9f6ac to 0x0000022f4daa4918
Event: 2282.642 Thread 0x0000022fa134c410 Exception <a 'sun/nio/fs/WindowsException'{0x00000000d5592970}> (0x00000000d5592970) 
thrown [s\src\hotspot\share\prims\jni.cpp, line 520]
Event: 2282.771 Thread 0x0000022fa360f4e0 Exception <a 'sun/nio/fs/WindowsException'{0x00000000d5580ed8}> (0x00000000d5580ed8) 
thrown [s\src\hotspot\share\prims\jni.cpp, line 520]
Event: 2282.785 Thread 0x0000022fa360f4e0 Exception <a 'sun/nio/fs/WindowsException'{0x00000000d5580018}> (0x00000000d5580018) 
thrown [s\src\hotspot\share\prims\jni.cpp, line 520]
Event: 2283.077 Thread 0x0000022fa360f4e0 Exception <a 'sun/nio/fs/WindowsException'{0x00000000d55ce638}> (0x00000000d55ce638) 
thrown [s\src\hotspot\share\prims\jni.cpp, line 520]
Event: 2283.077 Thread 0x0000022fa360f4e0 Exception <a 'sun/nio/fs/WindowsException'{0x00000000d55cef18}> (0x00000000d55cef18) 
thrown [s\src\hotspot\share\prims\jni.cpp, line 520]
Event: 2283.654 Thread 0x0000022fa134c410 Exception <a 'sun/nio/fs/WindowsException'{0x00000000d5596348}> (0x00000000d5596348) 
thrown [s\src\hotspot\share\prims\jni.cpp, line 520]

ZGC Phase Switch (0 events):
No events

VM Operations (20 events):
Event: 2283.475 Executing safepoint VM operation: ParallelGCFailedAllocation (Allocation Failure)
Event: 2283.478 Executing safepoint VM operation: ParallelGCFailedAllocation (Allocation Failure) done
Event: 2283.488 Executing safepoint VM operation: ParallelGCFailedAllocation (Allocation Failure)
Event: 2283.493 Executing safepoint VM operation: ParallelGCFailedAllocation (Allocation Failure) done
Event: 2283.502 Executing safepoint VM operation: ParallelGCFailedAllocation (Allocation Failure)
Event: 2283.504 Executing safepoint VM operation: ParallelGCFailedAllocation (Allocation Failure) done
Event: 2283.533 Executing safepoint VM operation: ParallelGCFailedAllocation (Allocation Failure)
Event: 2283.535 Executing safepoint VM operation: ParallelGCFailedAllocation (Allocation Failure) done
Event: 2283.570 Executing safepoint VM operation: ParallelGCFailedAllocation (Allocation Failure)
Event: 2283.578 Executing safepoint VM operation: ParallelGCFailedAllocation (Allocation Failure) done
Event: 2283.615 Executing safepoint VM operation: ParallelGCFailedAllocation (Allocation Failure)
Event: 2283.619 Executing safepoint VM operation: ParallelGCFailedAllocation (Allocation Failure) done
Event: 2283.646 Executing safepoint VM operation: ParallelGCFailedAllocation (Allocation Failure)
Event: 2283.649 Executing safepoint VM operation: ParallelGCFailedAllocation (Allocation Failure) done
Event: 2283.662 Executing safepoint VM operation: ParallelGCFailedAllocation (Allocation Failure)
Event: 2283.665 Executing safepoint VM operation: ParallelGCFailedAllocation (Allocation Failure) done
Event: 2283.683 Executing safepoint VM operation: ParallelGCFailedAllocation (Allocation Failure)
Event: 2283.687 Executing safepoint VM operation: ParallelGCFailedAllocation (Allocation Failure) done
Event: 2283.751 Executing safepoint VM operation: ParallelGCFailedAllocation (Allocation Failure)
Event: 2283.754 Executing safepoint VM operation: ParallelGCFailedAllocation (Allocation Failure) done

Memory protections (0 events):
No events

Nmethod flushes (20 events):
Event: 11.153 Thread 0x0000022f58c71bd0 flushing osr nmethod 0x0000022f45ca4a10
Event: 11.153 Thread 0x0000022f58c71bd0 flushing osr nmethod 0x0000022f45cf5a10
Event: 11.153 Thread 0x0000022f58c71bd0 flushing  nmethod 0x0000022f45cfa490
Event: 11.153 Thread 0x0000022f58c71bd0 flushing  nmethod 0x0000022f45d09810
Event: 11.153 Thread 0x0000022f58c71bd0 flushing  nmethod 0x0000022f45d1eb90
Event: 11.153 Thread 0x0000022f58c71bd0 flushing  nmethod 0x0000022f45d1f510
Event: 11.153 Thread 0x0000022f58c71bd0 flushing  nmethod 0x0000022f45d1f890
Event: 11.153 Thread 0x0000022f58c71bd0 flushing  nmethod 0x0000022f45d22d90
Event: 11.153 Thread 0x0000022f58c71bd0 flushing  nmethod 0x0000022f45d24390
Event: 11.153 Thread 0x0000022f58c71bd0 flushing  nmethod 0x0000022f45d27090
Event: 11.153 Thread 0x0000022f58c71bd0 flushing osr nmethod 0x0000022f45d27c90
Event: 11.153 Thread 0x0000022f58c71bd0 flushing  nmethod 0x0000022f45d39990
Event: 11.153 Thread 0x0000022f58c71bd0 flushing  nmethod 0x0000022f45d3a910
Event: 11.153 Thread 0x0000022f58c71bd0 flushing  nmethod 0x0000022f45d6a990
Event: 11.153 Thread 0x0000022f58c71bd0 flushing  nmethod 0x0000022f45d7ff10
Event: 11.153 Thread 0x0000022f58c71bd0 flushing  nmethod 0x0000022f45d86d90
Event: 11.153 Thread 0x0000022f58c71bd0 flushing  nmethod 0x0000022f45d9de10
Event: 11.153 Thread 0x0000022f58c71bd0 flushing  nmethod 0x0000022f45d9e410
Event: 11.153 Thread 0x0000022f58c71bd0 flushing  nmethod 0x0000022f45d9ec90
Event: 11.153 Thread 0x0000022f58c71bd0 flushing  nmethod 0x0000022f45da0790

Events (20 events):
Event: 1967.994 Thread 0x0000022fa360e7c0 Thread added: 0x0000022fa360fb70
Event: 1967.997 Thread 0x0000022fa360fb70 Thread added: 0x0000022fa360e130
Event: 1968.001 Thread 0x0000022fa360fb70 Thread added: 0x0000022fa360f4e0
Event: 1968.003 Thread 0x0000022fa360f4e0 Thread exited: 0x0000022fa360f4e0
Event: 1968.003 Thread 0x0000022fa360fb70 Thread exited: 0x0000022fa360fb70
Event: 1968.003 Thread 0x0000022fa360e130 Thread exited: 0x0000022fa360e130
Event: 2245.480 Thread 0x0000022fa360e7c0 Thread added: 0x0000022fa360e130
Event: 2245.663 Thread 0x0000022fa134d130 Thread added: 0x0000022fa360f4e0
Event: 2245.893 Thread 0x0000022f58cc5f10 Thread added: 0x0000022fa283efb0
Event: 2246.101 Thread 0x0000022fa360e7c0 Thread added: 0x0000022fa360fb70
Event: 2246.989 Thread 0x0000022fa283efb0 Thread exited: 0x0000022fa283efb0
Event: 2247.004 Thread 0x0000022fa360e7c0 Thread added: 0x0000022fa360c6f0
Event: 2247.004 Thread 0x0000022fa360e7c0 Thread added: 0x0000022fa3610200
Event: 2247.018 Thread 0x0000022f58cc5f10 Thread added: 0x0000022fa283efb0
Event: 2247.038 Thread 0x0000022f58c9da30 Thread added: 0x0000022fa0a137d0
Event: 2248.499 Thread 0x0000022fa0a137d0 Thread exited: 0x0000022fa0a137d0
Event: 2253.503 Thread 0x0000022fa283efb0 Thread exited: 0x0000022fa283efb0
Event: 2282.871 Thread 0x0000022f58cc5f10 Thread added: 0x0000022fa283efb0
Event: 2283.198 Thread 0x0000022fa360f4e0 Thread added: 0x0000022fa3612ff0
Event: 2283.691 Thread 0x0000022f58cc5f10 Thread added: 0x0000022faccccfc0


Dynamic libraries:
0x00007ff7223d0000 - 0x00007ff7223de000 	c:\Users\DELL\.antigravity\extensions\redhat.java-1.53.0-win32-x64\jre\21.0.10-win32-x86_64\bin\java.exe
0x00007ffce7ea0000 - 0x00007ffce8107000 	C:\WINDOWS\SYSTEM32\ntdll.dll
0x00007ffce7130000 - 0x00007ffce71f9000 	C:\WINDOWS\System32\KERNEL32.DLL
0x00007ffce5700000 - 0x00007ffce5af4000 	C:\WINDOWS\System32\KERNELBASE.dll
0x00007ffce4fe0000 - 0x00007ffce512b000 	C:\WINDOWS\System32\ucrtbase.dll
0x00007ffcca1b0000 - 0x00007ffcca1c8000 	c:\Users\DELL\.antigravity\extensions\redhat.java-1.53.0-win32-x64\jre\21.0.10-win32-x86_64\bin\jli.dll
0x00007ffcc6e50000 - 0x00007ffcc6e6e000 	c:\Users\DELL\.antigravity\extensions\redhat.java-1.53.0-win32-x64\jre\21.0.10-win32-x86_64\bin\VCRUNTIME140.dll
0x00007ffce5d10000 - 0x00007ffce5ed5000 	C:\WINDOWS\System32\USER32.dll
0x00007ffce5420000 - 0x00007ffce5447000 	C:\WINDOWS\System32\win32u.dll
0x00007ffcc9920000 - 0x00007ffcc9bb3000 	C:\WINDOWS\WinSxS\amd64_microsoft.windows.common-controls_6595b64144ccf1df_6.0.26100.8115_none_3e075c82e3354f9c\COMCTL32.dll
0x00007ffce6f30000 - 0x00007ffce6f5b000 	C:\WINDOWS\System32\GDI32.dll
0x00007ffce60d0000 - 0x00007ffce6179000 	C:\WINDOWS\System32\msvcrt.dll
0x00007ffce5b00000 - 0x00007ffce5c2a000 	C:\WINDOWS\System32\gdi32full.dll
0x00007ffce5590000 - 0x00007ffce5633000 	C:\WINDOWS\System32\msvcp_win.dll
0x00007ffce73a0000 - 0x00007ffce73d2000 	C:\WINDOWS\System32\IMM32.DLL
0x00007ffcc7890000 - 0x00007ffcc789c000 	c:\Users\DELL\.antigravity\extensions\redhat.java-1.53.0-win32-x64\jre\21.0.10-win32-x86_64\bin\vcruntime140_1.dll
0x00007ffc96eb0000 - 0x00007ffc96f3d000 	c:\Users\DELL\.antigravity\extensions\redhat.java-1.53.0-win32-x64\jre\21.0.10-win32-x86_64\bin\msvcp140.dll
0x00007ffc5bf20000 - 0x00007ffc5ccc1000 	c:\Users\DELL\.antigravity\extensions\redhat.java-1.53.0-win32-x64\jre\21.0.10-win32-x86_64\bin\server\jvm.dll
0x00007ffce6f60000 - 0x00007ffce7016000 	C:\WINDOWS\System32\ADVAPI32.dll
0x00007ffce7080000 - 0x00007ffce7127000 	C:\WINDOWS\System32\sechost.dll
0x00007ffce7a20000 - 0x00007ffce7b38000 	C:\WINDOWS\System32\RPCRT4.dll
0x00007ffce6040000 - 0x00007ffce60c0000 	C:\WINDOWS\System32\WS2_32.dll
0x00007ffce45d0000 - 0x00007ffce462e000 	C:\WINDOWS\SYSTEM32\POWRPROF.dll
0x00007ffcd87d0000 - 0x00007ffcd8806000 	C:\WINDOWS\SYSTEM32\WINMM.dll
0x00007ffcd8250000 - 0x00007ffcd825b000 	C:\WINDOWS\SYSTEM32\VERSION.dll
0x00007ffce45b0000 - 0x00007ffce45c4000 	C:\WINDOWS\SYSTEM32\UMPDC.dll
0x00007ffce3500000 - 0x00007ffce351b000 	C:\WINDOWS\SYSTEM32\kernel.appcore.dll
0x00007ffcc55d0000 - 0x00007ffcc55da000 	c:\Users\DELL\.antigravity\extensions\redhat.java-1.53.0-win32-x64\jre\21.0.10-win32-x86_64\bin\jimage.dll
0x00007ffce24b0000 - 0x00007ffce26f2000 	C:\WINDOWS\SYSTEM32\DBGHELP.DLL
0x00007ffce7610000 - 0x00007ffce7992000 	C:\WINDOWS\System32\combase.dll
0x00007ffce5c30000 - 0x00007ffce5d07000 	C:\WINDOWS\System32\OLEAUT32.dll
0x00007ffcca060000 - 0x00007ffcca09b000 	C:\WINDOWS\SYSTEM32\dbgcore.DLL
0x00007ffce5450000 - 0x00007ffce54f5000 	C:\WINDOWS\System32\bcryptPrimitives.dll
0x00007ffcc4960000 - 0x00007ffcc496f000 	c:\Users\DELL\.antigravity\extensions\redhat.java-1.53.0-win32-x64\jre\21.0.10-win32-x86_64\bin\instrument.dll
0x00007ffcb4260000 - 0x00007ffcb4280000 	c:\Users\DELL\.antigravity\extensions\redhat.java-1.53.0-win32-x64\jre\21.0.10-win32-x86_64\bin\java.dll
0x00007ffce6180000 - 0x00007ffce68e6000 	C:\WINDOWS\System32\SHELL32.dll
0x00007ffce52b0000 - 0x00007ffce541a000 	C:\WINDOWS\System32\wintypes.dll
0x00007ffce4770000 - 0x00007ffce4fd5000 	C:\WINDOWS\System32\windows.storage.dll
0x00007ffce68f0000 - 0x00007ffce69e7000 	C:\WINDOWS\System32\SHCORE.dll
0x00007ffce6a10000 - 0x00007ffce6a76000 	C:\WINDOWS\System32\shlwapi.dll
0x00007ffce4690000 - 0x00007ffce46b9000 	C:\WINDOWS\SYSTEM32\profapi.dll
0x00007ffcae800000 - 0x00007ffcae818000 	c:\Users\DELL\.antigravity\extensions\redhat.java-1.53.0-win32-x64\jre\21.0.10-win32-x86_64\bin\zip.dll
0x00007ffcc48d0000 - 0x00007ffcc48e0000 	C:\Users\DELL\.antigravity\extensions\redhat.java-1.53.0-win32-x64\jre\21.0.10-win32-x86_64\bin\net.dll
0x00007ffcda420000 - 0x00007ffcda54d000 	C:\WINDOWS\SYSTEM32\WINHTTP.dll
0x00007ffce3a70000 - 0x00007ffce3adc000 	C:\WINDOWS\system32\mswsock.dll
0x00007ffcad700000 - 0x00007ffcad716000 	C:\Users\DELL\.antigravity\extensions\redhat.java-1.53.0-win32-x64\jre\21.0.10-win32-x86_64\bin\nio.dll
0x00007ffcb4250000 - 0x00007ffcb4260000 	c:\Users\DELL\.antigravity\extensions\redhat.java-1.53.0-win32-x64\jre\21.0.10-win32-x86_64\bin\verify.dll
0x00007ffc96e60000 - 0x00007ffc96ea5000 	C:\Users\DELL\AppData\Roaming\Antigravity\User\globalStorage\redhat.java\1.53.0\config_win\org.eclipse.equinox.launcher\org.eclipse.equinox.launcher.win32.win32.x86_64_1.3.0.v20260203-2149\eclipse_11919.dll
0x00007ffce73e0000 - 0x00007ffce7577000 	C:\WINDOWS\System32\ole32.dll
0x00007ffce3d50000 - 0x00007ffce3d6b000 	C:\WINDOWS\SYSTEM32\CRYPTSP.dll
0x00007ffce3460000 - 0x00007ffce3499000 	C:\WINDOWS\system32\rsaenh.dll
0x00007ffce3b20000 - 0x00007ffce3b53000 	C:\WINDOWS\SYSTEM32\USERENV.dll
0x00007ffce4660000 - 0x00007ffce468a000 	C:\WINDOWS\SYSTEM32\bcrypt.dll
0x00007ffce3d70000 - 0x00007ffce3d7c000 	C:\WINDOWS\SYSTEM32\CRYPTBASE.dll
0x00007ffce2ee0000 - 0x00007ffce2f12000 	C:\WINDOWS\SYSTEM32\IPHLPAPI.DLL
0x00007ffce7200000 - 0x00007ffce720a000 	C:\WINDOWS\System32\NSI.dll
0x00007ffc96b50000 - 0x00007ffc96b99000 	C:\Users\DELL\AppData\Local\Temp\jna-2094529\jna11395834187029577976.dll
0x00007ffce7c70000 - 0x00007ffce7c78000 	C:\WINDOWS\System32\PSAPI.DLL
0x00007ffcdbac0000 - 0x00007ffcdbadd000 	C:\WINDOWS\SYSTEM32\dhcpcsvc6.DLL
0x00007ffcdba90000 - 0x00007ffcdbab5000 	C:\WINDOWS\SYSTEM32\dhcpcsvc.DLL
0x00007ffce3620000 - 0x00007ffce3656000 	C:\WINDOWS\SYSTEM32\ntmarta.dll

JVMTI agents:
c:\Users\DELL\.antigravity\extensions\redhat.java-1.53.0-win32-x64\lombok\lombok-1.18.39-4050.jar path:c:\Users\DELL\.antigravity\extensions\redhat.java-1.53.0-win32-x64\jre\21.0.10-win32-x86_64\bin\instrument.dll, loaded, initialized, instrumentlib options:none

dbghelp: loaded successfully - version: 4.0.5 - missing functions: none
symbol engine: initialized successfully - sym options: 0x614 - pdb path: .;c:\Users\DELL\.antigravity\extensions\redhat.java-1.53.0-win32-x64\jre\21.0.10-win32-x86_64\bin;C:\WINDOWS\SYSTEM32;C:\WINDOWS\WinSxS\amd64_microsoft.windows.common-controls_6595b64144ccf1df_6.0.26100.8115_none_3e075c82e3354f9c;c:\Users\DELL\.antigravity\extensions\redhat.java-1.53.0-win32-x64\jre\21.0.10-win32-x86_64\bin\server;C:\Users\DELL\AppData\Roaming\Antigravity\User\globalStorage\redhat.java\1.53.0\config_win\org.eclipse.equinox.launcher\org.eclipse.equinox.launcher.win32.win32.x86_64_1.3.0.v20260203-2149;C:\Users\DELL\AppData\Local\Temp\jna-2094529

VM Arguments:
jvm_args: --add-modules=ALL-SYSTEM --add-opens=java.base/java.util=ALL-UNNAMED --add-opens=java.base/java.lang=ALL-UNNAMED --add-opens=java.base/sun.nio.fs=ALL-UNNAMED -Declipse.application=org.eclipse.jdt.ls.core.id1 -Dosgi.bundles.defaultStartLevel=4 -Declipse.product=org.eclipse.jdt.ls.core.product -Djava.import.generatesMetadataFilesAtProjectRoot=false -DDetectVMInstallationsJob.disabled=true -Dfile.encoding=utf8 -XX:+UseParallelGC -XX:GCTimeRatio=4 -XX:AdaptiveSizePolicyWeight=90 -Dsun.zip.disableMemoryMapping=true -Xmx2G -Xms100m -Xlog:disable -javaagent:c:\Users\DELL\.antigravity\extensions\redhat.java-1.53.0-win32-x64\lombok\lombok-1.18.39-4050.jar -XX:+HeapDumpOnOutOfMemoryError -XX:HeapDumpPath=c:\Users\DELL\AppData\Roaming\Antigravity\User\workspaceStorage\3595c04ea35fa114bb408f9b75cb0ecd\redhat.java -Daether.dependencyCollector.impl=bf 
java_command: c:\Users\DELL\.antigravity\extensions\redhat.java-1.53.0-win32-x64\server\plugins\org.eclipse.equinox.launcher_1.7.100.v20251111-0406.jar -configuration c:\Users\DELL\AppData\Roaming\Antigravity\User\globalStorage\redhat.java\1.53.0\config_win -data c:\Users\DELL\AppData\Roaming\Antigravity\User\workspaceStorage\3595c04ea35fa114bb408f9b75cb0ecd\redhat.java\jdt_ws --pipe=\\.\pipe\lsp-b04fc42a591794751c237cb2f5ec8399-sock
java_class_path (initial): c:\Users\DELL\.antigravity\extensions\redhat.java-1.53.0-win32-x64\server\plugins\org.eclipse.equinox.launcher_1.7.100.v20251111-0406.jar
Launcher Type: SUN_STANDARD

[Global flags]
    uintx AdaptiveSizePolicyWeight                 = 90                                        {product} {command line}
     intx CICompilerCount                          = 4                                         {product} {ergonomic}
    uintx GCTimeRatio                              = 4                                         {product} {command line}
     bool HeapDumpOnOutOfMemoryError               = true                                   {manageable} {command line}
    ccstr HeapDumpPath                             = c:\Users\DELL\AppData\Roaming\Antigravity\User\workspaceStorage\3595c04ea35fa114bb408f9b75cb0ecd\redhat.java         {manageable} {command line}
   size_t InitialHeapSize                          = 104857600                                 {product} {command line}
   size_t MaxHeapSize                              = 2147483648                                {product} {command line}
   size_t MaxNewSize                               = 715653120                                 {product} {ergonomic}
   size_t MinHeapDeltaBytes                        = 524288                                    {product} {ergonomic}
   size_t MinHeapSize                              = 104857600                                 {product} {command line}
   size_t NewSize                                  = 34603008                                  {product} {ergonomic}
    uintx NonNMethodCodeHeapSize                   = 5839372                                {pd product} {ergonomic}
    uintx NonProfiledCodeHeapSize                  = 122909434                              {pd product} {ergonomic}
   size_t OldSize                                  = 70254592                                  {product} {ergonomic}
    uintx ProfiledCodeHeapSize                     = 122909434                              {pd product} {ergonomic}
    uintx ReservedCodeCacheSize                    = 251658240                              {pd product} {ergonomic}
     bool SegmentedCodeCache                       = true                                      {product} {ergonomic}
   size_t SoftMaxHeapSize                          = 2147483648                             {manageable} {ergonomic}
     bool UseCompressedOops                        = true                           {product lp64_product} {ergonomic}
     bool UseLargePagesIndividualAllocation        = false                                  {pd product} {ergonomic}
     bool UseParallelGC                            = true                                      {product} {command line}

Logging:
Log output configuration:
 #0: stdout all=off uptime,level,tags foldmultilines=false
 #1: stderr all=off uptime,level,tags foldmultilines=false

Release file:
JAVA_VERSION="21.0.10" 
MODULES="java.base java.compiler java.datatransfer java.xml java.prefs java.desktop java.instrument java.logging java.management java.security.sasl java.naming java.rmi java.management.rmi java.net.http java.scripting java.security.jgss java.transaction.xa java.sql java.sql.rowset java.xml.crypto java.se java.smartcardio jdk.accessibility jdk.internal.jvmstat jdk.attach jdk.charsets jdk.internal.opt jdk.zipfs jdk.compiler jdk.crypto.ec jdk.crypto.cryptoki jdk.crypto.mscapi jdk.dynalink jdk.internal.ed jdk.editpad jdk.hotspot.agent jdk.httpserver jdk.internal.le jdk.internal.vm.ci jdk.internal.vm.compiler jdk.internal.vm.compiler.management jdk.jartool jdk.javadoc jdk.jcmd jdk.management jdk.management.agent jdk.jconsole jdk.jdeps jdk.jdwp.agent jdk.jdi jdk.jfr jdk.jshell jdk.jsobject jdk.jstatd jdk.localedata jdk.management.jfr jdk.naming.dns jdk.naming.rmi jdk.net jdk.nio.mapmode jdk.random jdk.sctp jdk.security.auth jdk.security.jgss jdk.unsupported jdk.unsupported.desktop jdk.xml.dom" 

Environment Variables:
PATH=C:\Program Files (x86)\Common Files\Oracle\Java\javapath;C:\Program Files\Common Files\Oracle\Java\javapath;C:\WINDOWS\system32;C:\WINDOWS;C:\WINDOWS\System32\Wbem;C:\WINDOWS\System32\WindowsPowerShell\v1.0\;C:\WINDOWS\System32\OpenSSH\;C:\mingw64\bin;C:\Program Files\Microsoft SQL Server\120\DTS\Binn\;C:\Program Files\Microsoft SQL Server\Client SDK\ODBC\110\Tools\Binn\;C:\Program Files (x86)\Microsoft SQL Server\120\Tools\Binn\;C:\Program Files\Microsoft SQL Server\120\Tools\Binn\;C:\Program Files (x86)\Microsoft SQL Server\120\Tools\Binn\ManagementStudio\;C:\Program Files (x86)\Microsoft SQL Server\120\DTS\Binn\;C:\Program Files\Microsoft SQL Server\150\Tools\Binn\;C:\Program Files\Microsoft SQL Server\Client SDK\ODBC\170\Tools\Binn\;C:\Program Files\Git\cmd;D:\flutter_windows_3.38.1-stable\flutter\bin;D:\cusor\cursor\resources\app\bin;C:\Program Files\nodejs\;C:\Users\DELL\AppData\Local\Pub\Cache\bin;C:\Users\DELL\AppData\Local\Programs\Microsoft VS Code\bin;C:\ProgramData\Microsoft\Windows\Start Menu\Programs\Node.js;C:\Users\DELL\flutter\bin;C:\Users\DELL\AppData\Local\Pub\Cache\bin;C:\Users\DELL\AppData\Roaming\npm;D:\antigrafiti\Antigravity\bin
USERNAME=DELL
OS=Windows_NT
PROCESSOR_IDENTIFIER=Intel64 Family 6 Model 140 Stepping 1, GenuineIntel
TMP=C:\Users\DELL\AppData\Local\Temp
TEMP=C:\Users\DELL\AppData\Local\Temp




Periodic native trim disabled

---------------  S Y S T E M  ---------------

OS:
 Windows 11 , 64 bit Build 26100 (10.0.26100.8115)
OS uptime: 0 days 1:25 hours

CPU: total 8 (initial active 8) (4 cores per cpu, 2 threads per core) family 6 model 140 stepping 1 microcode 0xbc, cx8, cmov, fxsr, ht, mmx, 3dnowpref, sse, sse2, sse3, ssse3, sse4.1, sse4.2, popcnt, lzcnt, tsc, tscinvbit, avx, avx2, aes, erms, clmul, bmi1, bmi2, adx, avx512f, avx512dq, avx512cd, avx512bw, avx512vl, sha, fma, vzeroupper, avx512_vpopcntdq, avx512_vpclmulqdq, avx512_vaes, avx512_vnni, clflush, clflushopt, clwb, avx512_vbmi2, avx512_vbmi, rdtscp, rdpid, fsrm, gfni, avx512_bitalg, f16c, pku, cet_ibt, cet_ss, avx512_ifma
Processor Information for processor 0
  Max Mhz: 2419, Current Mhz: 2419, Mhz Limit: 2419
Processor Information for processor 1
  Max Mhz: 2419, Current Mhz: 2419, Mhz Limit: 2419
Processor Information for processor 2
  Max Mhz: 2419, Current Mhz: 2419, Mhz Limit: 2419
Processor Information for processor 3
  Max Mhz: 2419, Current Mhz: 2419, Mhz Limit: 2419
Processor Information for processor 4
  Max Mhz: 2419, Current Mhz: 2419, Mhz Limit: 2419
Processor Information for processor 5
  Max Mhz: 2419, Current Mhz: 1007, Mhz Limit: 2419
Processor Information for processor 6
  Max Mhz: 2419, Current Mhz: 1007, Mhz Limit: 2419
Processor Information for processor 7
  Max Mhz: 2419, Current Mhz: 1007, Mhz Limit: 2419

Memory: 4k page, system-wide physical 7914M (598M free)
TotalPageFile size 18661M (AvailPageFile size 7M)
current process WorkingSet (physical memory assigned to process): 192M, peak: 427M
current process commit charge ("private bytes"): 601M, peak: 601M

vm_info: OpenJDK 64-Bit Server VM (21.0.10+7-LTS) for windows-amd64 JRE (21.0.10+7-LTS), built on 2026-01-20T00:00:00Z by "admin" with MS VC++ 17.12 (VS2022)

END.
